{"/home/haki/Documents/Healthsync/src/lib/app.js": {"path":"/home/haki/Documents/Healthsync/src/lib/app.js","statementMap":{"0":{"start":{"line":7,"column":12},"end":{"line":7,"column":15}},"1":{"start":{"line":9,"column":0},"end":{"line":9,"column":17}},"2":{"start":{"line":10,"column":0},"end":{"line":10,"column":21}},"3":{"start":{"line":12,"column":0},"end":{"line":14,"column":2}},"4":{"start":{"line":13,"column":4},"end":{"line":13,"column":56}}},"fnMap":{"0":{"name":"(anonymous_0)","decl":{"start":{"line":12,"column":13},"end":{"line":12,"column":14}},"loc":{"start":{"line":12,"column":32},"end":{"line":14,"column":1}},"line":12}},"branchMap":{},"s":{"0":2,"1":2,"2":2,"3":2,"4":0},"f":{"0":0},"b":{},"_coverageSchema":"1a1c01bbd47fc00a2c39e90264f33305004495a9","hash":"b89f847c5efc017683e42ed78161bfc04deb475b"}
,"/home/haki/Documents/Healthsync/src/lib/middleware/protectedRoute.js": {"path":"/home/haki/Documents/Healthsync/src/lib/middleware/protectedRoute.js","statementMap":{"0":{"start":{"line":4,"column":0},"end":{"line":4,"column":9}},"1":{"start":{"line":6,"column":19},"end":{"line":6,"column":92}},"2":{"start":{"line":8,"column":23},"end":{"line":23,"column":1}},"3":{"start":{"line":9,"column":16},"end":{"line":9,"column":56}},"4":{"start":{"line":11,"column":2},"end":{"line":13,"column":3}},"5":{"start":{"line":12,"column":4},"end":{"line":12,"column":76}},"6":{"start":{"line":15,"column":2},"end":{"line":22,"column":3}},"7":{"start":{"line":16,"column":20},"end":{"line":16,"column":49}},"8":{"start":{"line":17,"column":4},"end":{"line":17,"column":23}},"9":{"start":{"line":18,"column":4},"end":{"line":18,"column":11}},"10":{"start":{"line":20,"column":4},"end":{"line":20,"column":61}},"11":{"start":{"line":21,"column":4},"end":{"line":21,"column":73}}},"fnMap":{"0":{"name":"(anonymous_0)","decl":{"start":{"line":8,"column":23},"end":{"line":8,"column":24}},"loc":{"start":{"line":8,"column":43},"end":{"line":23,"column":1}},"line":8}},"branchMap":{"0":{"loc":{"start":{"line":6,"column":19},"end":{"line":6,"column":92}},"type":"binary-expr","locations":[{"start":{"line":6,"column":19},"end":{"line":6,"column":41}},{"start":{"line":6,"column":45},"end":{"line":6,"column":92}}],"line":6},"1":{"loc":{"start":{"line":11,"column":2},"end":{"line":13,"column":3}},"type":"if","locations":[{"start":{"line":11,"column":2},"end":{"line":13,"column":3}},{"start":{},"end":{}}],"line":11}},"s":{"0":2,"1":2,"2":2,"3":10,"4":10,"5":4,"6":6,"7":6,"8":3,"9":3,"10":3,"11":3},"f":{"0":10},"b":{"0":[2,0],"1":[4,6]},"_coverageSchema":"1a1c01bbd47fc00a2c39e90264f33305004495a9","hash":"2780a28cdfbf30ee48c43a1b9524fce03da7fdf6"}
,"/home/haki/Documents/Healthsync/src/lib/routes/authenticationRoutes.js": {"path":"/home/haki/Documents/Healthsync/src/lib/routes/authenticationRoutes.js","statementMap":{"0":{"start":{"line":7,"column":13},"end":{"line":7,"column":21}},"1":{"start":{"line":9,"column":0},"end":{"line":11,"column":3}},"2":{"start":{"line":10,"column":2},"end":{"line":10,"column":55}},"3":{"start":{"line":13,"column":0},"end":{"line":98,"column":3}},"4":{"start":{"line":26,"column":6},"end":{"line":26,"column":14}},"5":{"start":{"line":28,"column":2},"end":{"line":41,"column":3}},"6":{"start":{"line":40,"column":4},"end":{"line":40,"column":72}},"7":{"start":{"line":43,"column":2},"end":{"line":45,"column":3}},"8":{"start":{"line":44,"column":4},"end":{"line":44,"column":61}},"9":{"start":{"line":47,"column":2},"end":{"line":49,"column":3}},"10":{"start":{"line":48,"column":4},"end":{"line":48,"column":69}},"11":{"start":{"line":51,"column":2},"end":{"line":97,"column":3}},"12":{"start":{"line":52,"column":27},"end":{"line":52,"column":58}},"13":{"start":{"line":54,"column":28},"end":{"line":72,"column":15}},"14":{"start":{"line":74,"column":4},"end":{"line":77,"column":5}},"15":{"start":{"line":75,"column":6},"end":{"line":75,"column":52}},"16":{"start":{"line":76,"column":6},"end":{"line":76,"column":72}},"17":{"start":{"line":80,"column":18},"end":{"line":80,"column":65}},"18":{"start":{"line":82,"column":4},"end":{"line":93,"column":7}},"19":{"start":{"line":95,"column":4},"end":{"line":95,"column":40}},"20":{"start":{"line":96,"column":4},"end":{"line":96,"column":70}},"21":{"start":{"line":100,"column":0},"end":{"line":143,"column":3}},"22":{"start":{"line":101,"column":30},"end":{"line":101,"column":38}},"23":{"start":{"line":103,"column":2},"end":{"line":107,"column":3}},"24":{"start":{"line":104,"column":4},"end":{"line":106,"column":60}},"25":{"start":{"line":109,"column":2},"end":{"line":142,"column":3}},"26":{"start":{"line":111,"column":17},"end":{"line":111,"column":44}},"27":{"start":{"line":113,"column":4},"end":{"line":115,"column":5}},"28":{"start":{"line":114,"column":6},"end":{"line":114,"column":76}},"29":{"start":{"line":118,"column":28},"end":{"line":118,"column":73}},"30":{"start":{"line":120,"column":4},"end":{"line":122,"column":5}},"31":{"start":{"line":121,"column":6},"end":{"line":121,"column":76}},"32":{"start":{"line":125,"column":18},"end":{"line":125,"column":65}},"33":{"start":{"line":127,"column":4},"end":{"line":138,"column":7}},"34":{"start":{"line":140,"column":4},"end":{"line":140,"column":39}},"35":{"start":{"line":141,"column":4},"end":{"line":141,"column":70}},"36":{"start":{"line":145,"column":0},"end":{"line":178,"column":3}},"37":{"start":{"line":146,"column":2},"end":{"line":177,"column":3}},"38":{"start":{"line":148,"column":19},"end":{"line":148,"column":34}},"39":{"start":{"line":151,"column":17},"end":{"line":151,"column":42}},"40":{"start":{"line":153,"column":4},"end":{"line":155,"column":5}},"41":{"start":{"line":154,"column":6},"end":{"line":154,"column":65}},"42":{"start":{"line":158,"column":4},"end":{"line":173,"column":7}},"43":{"start":{"line":175,"column":4},"end":{"line":175,"column":41}},"44":{"start":{"line":176,"column":4},"end":{"line":176,"column":70}}},"fnMap":{"0":{"name":"(anonymous_0)","decl":{"start":{"line":9,"column":14},"end":{"line":9,"column":15}},"loc":{"start":{"line":9,"column":34},"end":{"line":11,"column":1}},"line":9},"1":{"name":"(anonymous_1)","decl":{"start":{"line":13,"column":21},"end":{"line":13,"column":22}},"loc":{"start":{"line":13,"column":41},"end":{"line":98,"column":1}},"line":13},"2":{"name":"(anonymous_2)","decl":{"start":{"line":100,"column":20},"end":{"line":100,"column":21}},"loc":{"start":{"line":100,"column":40},"end":{"line":143,"column":1}},"line":100},"3":{"name":"(anonymous_3)","decl":{"start":{"line":145,"column":37},"end":{"line":145,"column":38}},"loc":{"start":{"line":145,"column":57},"end":{"line":178,"column":1}},"line":145}},"branchMap":{"0":{"loc":{"start":{"line":28,"column":2},"end":{"line":41,"column":3}},"type":"if","locations":[{"start":{"line":28,"column":2},"end":{"line":41,"column":3}},{"start":{},"end":{}}],"line":28},"1":{"loc":{"start":{"line":29,"column":4},"end":{"line":38,"column":9}},"type":"binary-expr","locations":[{"start":{"line":29,"column":4},"end":{"line":29,"column":10}},{"start":{"line":30,"column":4},"end":{"line":30,"column":13}},{"start":{"line":31,"column":4},"end":{"line":31,"column":13}},{"start":{"line":32,"column":4},"end":{"line":32,"column":15}},{"start":{"line":33,"column":4},"end":{"line":33,"column":14}},{"start":{"line":34,"column":4},"end":{"line":34,"column":10}},{"start":{"line":35,"column":4},"end":{"line":35,"column":18}},{"start":{"line":36,"column":4},"end":{"line":36,"column":8}},{"start":{"line":37,"column":4},"end":{"line":37,"column":12}},{"start":{"line":38,"column":4},"end":{"line":38,"column":9}}],"line":29},"2":{"loc":{"start":{"line":43,"column":2},"end":{"line":45,"column":3}},"type":"if","locations":[{"start":{"line":43,"column":2},"end":{"line":45,"column":3}},{"start":{},"end":{}}],"line":43},"3":{"loc":{"start":{"line":43,"column":6},"end":{"line":43,"column":45}},"type":"binary-expr","locations":[{"start":{"line":43,"column":6},"end":{"line":43,"column":24}},{"start":{"line":43,"column":28},"end":{"line":43,"column":45}}],"line":43},"4":{"loc":{"start":{"line":47,"column":2},"end":{"line":49,"column":3}},"type":"if","locations":[{"start":{"line":47,"column":2},"end":{"line":49,"column":3}},{"start":{},"end":{}}],"line":47},"5":{"loc":{"start":{"line":74,"column":4},"end":{"line":77,"column":5}},"type":"if","locations":[{"start":{"line":74,"column":4},"end":{"line":77,"column":5}},{"start":{},"end":{}}],"line":74},"6":{"loc":{"start":{"line":103,"column":2},"end":{"line":107,"column":3}},"type":"if","locations":[{"start":{"line":103,"column":2},"end":{"line":107,"column":3}},{"start":{},"end":{}}],"line":103},"7":{"loc":{"start":{"line":103,"column":6},"end":{"line":103,"column":25}},"type":"binary-expr","locations":[{"start":{"line":103,"column":6},"end":{"line":103,"column":12}},{"start":{"line":103,"column":16},"end":{"line":103,"column":25}}],"line":103},"8":{"loc":{"start":{"line":113,"column":4},"end":{"line":115,"column":5}},"type":"if","locations":[{"start":{"line":113,"column":4},"end":{"line":115,"column":5}},{"start":{},"end":{}}],"line":113},"9":{"loc":{"start":{"line":120,"column":4},"end":{"line":122,"column":5}},"type":"if","locations":[{"start":{"line":120,"column":4},"end":{"line":122,"column":5}},{"start":{},"end":{}}],"line":120},"10":{"loc":{"start":{"line":153,"column":4},"end":{"line":155,"column":5}},"type":"if","locations":[{"start":{"line":153,"column":4},"end":{"line":155,"column":5}},{"start":{},"end":{}}],"line":153}},"s":{"0":2,"1":2,"2":2,"3":2,"4":13,"5":13,"6":2,"7":11,"8":2,"9":9,"10":5,"11":4,"12":4,"13":4,"14":4,"15":0,"16":0,"17":4,"18":4,"19":0,"20":0,"21":2,"22":9,"23":9,"24":3,"25":6,"26":6,"27":6,"28":2,"29":4,"30":4,"31":2,"32":2,"33":2,"34":0,"35":0,"36":2,"37":3,"38":3,"39":3,"40":3,"41":0,"42":3,"43":0,"44":0},"f":{"0":2,"1":13,"2":9,"3":3},"b":{"0":[2,11],"1":[13,13,13,11,11,11,11,11,11,11],"2":[2,9],"3":[11,3],"4":[5,4],"5":[0,4],"6":[3,6],"7":[9,8],"8":[2,4],"9":[2,2],"10":[0,3]},"_coverageSchema":"1a1c01bbd47fc00a2c39e90264f33305004495a9","hash":"bf72b2792441836cf521813a7ea9be173383cf89"}
,"/home/haki/Documents/Healthsync/src/lib/utils/authUtils.js": {"path":"/home/haki/Documents/Healthsync/src/lib/utils/authUtils.js","statementMap":{"0":{"start":{"line":5,"column":0},"end":{"line":5,"column":9}},"1":{"start":{"line":7,"column":19},"end":{"line":7,"column":92}},"2":{"start":{"line":10,"column":26},"end":{"line":15,"column":18}},"3":{"start":{"line":17,"column":2},"end":{"line":20,"column":3}},"4":{"start":{"line":18,"column":4},"end":{"line":18,"column":59}},"5":{"start":{"line":19,"column":4},"end":{"line":19,"column":16}},"6":{"start":{"line":22,"column":2},"end":{"line":22,"column":16}},"7":{"start":{"line":26,"column":26},"end":{"line":31,"column":18}},"8":{"start":{"line":33,"column":2},"end":{"line":36,"column":3}},"9":{"start":{"line":34,"column":4},"end":{"line":34,"column":49}},"10":{"start":{"line":35,"column":4},"end":{"line":35,"column":16}},"11":{"start":{"line":38,"column":2},"end":{"line":38,"column":14}},"12":{"start":{"line":42,"column":26},"end":{"line":47,"column":18}},"13":{"start":{"line":49,"column":2},"end":{"line":52,"column":3}},"14":{"start":{"line":50,"column":4},"end":{"line":50,"column":49}},"15":{"start":{"line":51,"column":4},"end":{"line":51,"column":16}},"16":{"start":{"line":54,"column":2},"end":{"line":54,"column":14}},"17":{"start":{"line":58,"column":16},"end":{"line":62,"column":3}},"18":{"start":{"line":63,"column":2},"end":{"line":63,"column":15}}},"fnMap":{"0":{"name":"userExists","decl":{"start":{"line":9,"column":15},"end":{"line":9,"column":25}},"loc":{"start":{"line":9,"column":33},"end":{"line":23,"column":1}},"line":9},"1":{"name":"getUserByEmail","decl":{"start":{"line":25,"column":15},"end":{"line":25,"column":29}},"loc":{"start":{"line":25,"column":37},"end":{"line":39,"column":1}},"line":25},"2":{"name":"getUserById","decl":{"start":{"line":41,"column":15},"end":{"line":41,"column":26}},"loc":{"start":{"line":41,"column":31},"end":{"line":55,"column":1}},"line":41},"3":{"name":"generateJWT","decl":{"start":{"line":57,"column":9},"end":{"line":57,"column":20}},"loc":{"start":{"line":57,"column":46},"end":{"line":64,"column":1}},"line":57}},"branchMap":{"0":{"loc":{"start":{"line":7,"column":19},"end":{"line":7,"column":92}},"type":"binary-expr","locations":[{"start":{"line":7,"column":19},"end":{"line":7,"column":41}},{"start":{"line":7,"column":45},"end":{"line":7,"column":92}}],"line":7},"1":{"loc":{"start":{"line":17,"column":2},"end":{"line":20,"column":3}},"type":"if","locations":[{"start":{"line":17,"column":2},"end":{"line":20,"column":3}},{"start":{},"end":{}}],"line":17},"2":{"loc":{"start":{"line":33,"column":2},"end":{"line":36,"column":3}},"type":"if","locations":[{"start":{"line":33,"column":2},"end":{"line":36,"column":3}},{"start":{},"end":{}}],"line":33},"3":{"loc":{"start":{"line":49,"column":2},"end":{"line":52,"column":3}},"type":"if","locations":[{"start":{"line":49,"column":2},"end":{"line":52,"column":3}},{"start":{},"end":{}}],"line":49}},"s":{"0":2,"1":2,"2":9,"3":9,"4":0,"5":0,"6":9,"7":6,"8":6,"9":0,"10":0,"11":6,"12":3,"13":3,"14":0,"15":0,"16":3,"17":6,"18":6},"f":{"0":9,"1":6,"2":3,"3":6},"b":{"0":[2,0],"1":[0,9],"2":[0,6],"3":[0,3]},"_coverageSchema":"1a1c01bbd47fc00a2c39e90264f33305004495a9","hash":"ce88dace2d486a653b90e5435c5444d14f207e90"}
}
