TN:
SF:lib/app.js
FN:12,(anonymous_0)
FNF:1
FNH:0
FNDA:0,(anonymous_0)
DA:7,2
DA:9,2
DA:10,2
DA:12,2
DA:13,0
LF:5
LH:4
BRF:0
BRH:0
end_of_record
TN:
SF:lib/middleware/protectedRoute.js
FN:8,(anonymous_0)
FNF:1
FNH:1
FNDA:10,(anonymous_0)
DA:4,2
DA:6,2
DA:8,2
DA:9,10
DA:11,10
DA:12,4
DA:15,6
DA:16,6
DA:17,3
DA:18,3
DA:20,3
DA:21,3
LF:12
LH:12
BRDA:6,0,0,2
BRDA:6,0,1,0
BRDA:11,1,0,4
BRDA:11,1,1,6
BRF:4
BRH:3
end_of_record
TN:
SF:lib/routes/authenticationRoutes.js
FN:9,(anonymous_0)
FN:13,(anonymous_1)
FN:100,(anonymous_2)
FN:145,(anonymous_3)
FNF:4
FNH:4
FNDA:2,(anonymous_0)
FNDA:13,(anonymous_1)
FNDA:9,(anonymous_2)
FNDA:3,(anonymous_3)
DA:7,2
DA:9,2
DA:10,2
DA:13,2
DA:26,13
DA:28,13
DA:40,2
DA:43,11
DA:44,2
DA:47,9
DA:48,5
DA:51,4
DA:52,4
DA:54,4
DA:74,4
DA:75,0
DA:76,0
DA:80,4
DA:82,4
DA:95,0
DA:96,0
DA:100,2
DA:101,9
DA:103,9
DA:104,3
DA:109,6
DA:111,6
DA:113,6
DA:114,2
DA:118,4
DA:120,4
DA:121,2
DA:125,2
DA:127,2
DA:140,0
DA:141,0
DA:145,2
DA:146,3
DA:148,3
DA:151,3
DA:153,3
DA:154,0
DA:158,3
DA:175,0
DA:176,0
LF:45
LH:36
BRDA:28,0,0,2
BRDA:28,0,1,11
BRDA:29,1,0,13
BRDA:29,1,1,13
BRDA:29,1,2,13
BRDA:29,1,3,11
BRDA:29,1,4,11
BRDA:29,1,5,11
BRDA:29,1,6,11
BRDA:29,1,7,11
BRDA:29,1,8,11
BRDA:29,1,9,11
BRDA:43,2,0,2
BRDA:43,2,1,9
BRDA:43,3,0,11
BRDA:43,3,1,3
BRDA:47,4,0,5
BRDA:47,4,1,4
BRDA:74,5,0,0
BRDA:74,5,1,4
BRDA:103,6,0,3
BRDA:103,6,1,6
BRDA:103,7,0,9
BRDA:103,7,1,8
BRDA:113,8,0,2
BRDA:113,8,1,4
BRDA:120,9,0,2
BRDA:120,9,1,2
BRDA:153,10,0,0
BRDA:153,10,1,3
BRF:30
BRH:28
end_of_record
TN:
SF:lib/utils/authUtils.js
FN:9,userExists
FN:25,getUserByEmail
FN:41,getUserById
FN:57,generateJWT
FNF:4
FNH:4
FNDA:9,userExists
FNDA:6,getUserByEmail
FNDA:3,getUserById
FNDA:6,generateJWT
DA:5,2
DA:7,2
DA:10,9
DA:17,9
DA:18,0
DA:19,0
DA:22,9
DA:26,6
DA:33,6
DA:34,0
DA:35,0
DA:38,6
DA:42,3
DA:49,3
DA:50,0
DA:51,0
DA:54,3
DA:58,6
DA:63,6
LF:19
LH:13
BRDA:7,0,0,2
BRDA:7,0,1,0
BRDA:17,1,0,0
BRDA:17,1,1,9
BRDA:33,2,0,0
BRDA:33,2,1,6
BRDA:49,3,0,0
BRDA:49,3,1,3
BRF:8
BRH:4
end_of_record
